This is pdfTeX, Version 3.141592653-2.6-1.40.25 (MiKTeX 23.10) (preloaded format=pdflatex 2026.6.2)  26 JUN 2026 22:57
entering extended mode
 \write18 enabled.
 file:line:error style messages enabled.
 %&-line parsing enabled.
**d:/applied_stats_project/docs/final_report.tex
(d:/applied_stats_project/docs/final_report.tex
LaTeX2e <2023-06-01> patch level 1
L3 programming layer <2023-08-29>
(C:\Program Files\MiKTeX\tex/latex/base\article.cls
Document Class: article 2023/05/17 v1.4n Standard LaTeX document class
(C:\Program Files\MiKTeX\tex/latex/base\size11.clo
File: size11.clo 2023/05/17 v1.4n Standard LaTeX file (size option)
)
\c@part=\count185
\c@section=\count186
\c@subsection=\count187
\c@subsubsection=\count188
\c@paragraph=\count189
\c@subparagraph=\count190
\c@figure=\count191
\c@table=\count192
\abovecaptionskip=\skip48
\belowcaptionskip=\skip49
\bibindent=\dimen140
) (C:\Program Files\MiKTeX\tex/latex/base\inputenc.sty
Package: inputenc 2021/02/14 v1.3d Input encoding file
\inpenc@prehook=\toks17
\inpenc@posthook=\toks18
) (C:\Program Files\MiKTeX\tex/latex/base\fontenc.sty
Package: fontenc 2021/04/29 v2.0v Standard LaTeX package
) (C:\Program Files\MiKTeX\tex/generic/babel\babel.sty
Package: babel 2023/09/29 v3.95 The Babel package
\babel@savecnt=\count193
\U@D=\dimen141
\l@unhyphenated=\language79
 (C:\Program Files\MiKTeX\tex/generic/babel\txtbabel.def)
\bbl@readstream=\read2
\bbl@dirlevel=\count194

*************************************
* Local config file bblopts.cfg used
*
(C:\Program Files\MiKTeX\tex/latex/arabi\bblopts.cfg
File: bblopts.cfg 2005/09/08 v0.1 add Arabic and Farsi to "declared" options of babel
) (C:\Program Files\MiKTeX\tex/latex/babel-english\english.ldf
Language: english 2017/06/06 v3.3r English support from the babel system
Package babel Info: Hyphen rules for 'canadian' set to \l@english
(babel)             (\language0). Reported on input line 102.
Package babel Info: Hyphen rules for 'australian' set to \l@ukenglish
(babel)             (\language73). Reported on input line 105.
Package babel Info: Hyphen rules for 'newzealand' set to \l@ukenglish
(babel)             (\language73). Reported on input line 108.
)) (C:\Program Files\MiKTeX\tex/generic/babel/locale/en\babel-english.tex
Package babel Info: Importing font and identification data for english
(babel)             from babel-en.ini. Reported on input line 11.
) (C:\Users\LENOVO\AppData\Roaming\MiKTeX\tex/latex/psnfss\mathpazo.sty
Package: mathpazo 2020/03/25 PSNFSS-v9.3 Palatino w/ Pazo Math (D.Puga, WaS) 
\symupright=\mathgroup4
) (C:\Program Files\MiKTeX\tex/latex/amsmath\amsmath.sty
Package: amsmath 2023/05/13 v2.17o AMS math features
\@mathmargin=\skip50

For additional information on amsmath, use the `?' option.
(C:\Program Files\MiKTeX\tex/latex/amsmath\amstext.sty
Package: amstext 2021/08/26 v2.01 AMS text
 (C:\Program Files\MiKTeX\tex/latex/amsmath\amsgen.sty
File: amsgen.sty 1999/11/30 v2.0 generic functions
\@emptytoks=\toks19
\ex@=\dimen142
)) (C:\Program Files\MiKTeX\tex/latex/amsmath\amsbsy.sty
Package: amsbsy 1999/11/29 v1.2d Bold Symbols
\pmbraise@=\dimen143
) (C:\Program Files\MiKTeX\tex/latex/amsmath\amsopn.sty
Package: amsopn 2022/04/08 v2.04 operator names
)
\inf@bad=\count195
LaTeX Info: Redefining \frac on input line 234.
\uproot@=\count196
\leftroot@=\count197
LaTeX Info: Redefining \overline on input line 399.
LaTeX Info: Redefining \colon on input line 410.
\classnum@=\count198
\DOTSCASE@=\count199
LaTeX Info: Redefining \ldots on input line 496.
LaTeX Info: Redefining \dots on input line 499.
LaTeX Info: Redefining \cdots on input line 620.
\Mathstrutbox@=\box51
\strutbox@=\box52
LaTeX Info: Redefining \big on input line 722.
LaTeX Info: Redefining \Big on input line 723.
LaTeX Info: Redefining \bigg on input line 724.
LaTeX Info: Redefining \Bigg on input line 725.
\big@size=\dimen144
LaTeX Font Info:    Redeclaring font encoding OML on input line 743.
LaTeX Font Info:    Redeclaring font encoding OMS on input line 744.
\macc@depth=\count266
LaTeX Info: Redefining \bmod on input line 905.
LaTeX Info: Redefining \pmod on input line 910.
LaTeX Info: Redefining \smash on input line 940.
LaTeX Info: Redefining \relbar on input line 970.
LaTeX Info: Redefining \Relbar on input line 971.
\c@MaxMatrixCols=\count267
\dotsspace@=\muskip16
\c@parentequation=\count268
\dspbrk@lvl=\count269
\tag@help=\toks20
\row@=\count270
\column@=\count271
\maxfields@=\count272
\andhelp@=\toks21
\eqnshift@=\dimen145
\alignsep@=\dimen146
\tagshift@=\dimen147
\tagwidth@=\dimen148
\totwidth@=\dimen149
\lineht@=\dimen150
\@envbody=\toks22
\multlinegap=\skip51
\multlinetaggap=\skip52
\mathdisplay@stack=\toks23
LaTeX Info: Redefining \[ on input line 2953.
LaTeX Info: Redefining \] on input line 2954.
) (C:\Program Files\MiKTeX\tex/latex/amsfonts\amssymb.sty
Package: amssymb 2013/01/14 v3.01 AMS font symbols
 (C:\Program Files\MiKTeX\tex/latex/amsfonts\amsfonts.sty
Package: amsfonts 2013/01/14 v3.01 Basic AMSFonts support
\symAMSa=\mathgroup5
\symAMSb=\mathgroup6
LaTeX Font Info:    Redeclaring math symbol \hbar on input line 98.
LaTeX Font Info:    Overwriting math alphabet `\mathfrak' in version `bold'
(Font)                  U/euf/m/n --> U/euf/b/n on input line 106.
)) (C:\Users\LENOVO\AppData\Roaming\MiKTeX\tex/latex/amscls\amsthm.sty
Package: amsthm 2020/05/29 v2.20.6
\thm@style=\toks24
\thm@bodyfont=\toks25
\thm@headfont=\toks26
\thm@notefont=\toks27
\thm@headpunct=\toks28
\thm@preskip=\skip53
\thm@postskip=\skip54
\thm@headsep=\skip55
\dth@everypar=\toks29
) (C:\Program Files\MiKTeX\tex/latex/tools\bm.sty
Package: bm 2022/01/05 v1.2f Bold Symbol Support (DPC/FMi)
\symboldoperators=\mathgroup7
\symboldletters=\mathgroup8
\symboldsymbols=\mathgroup9
Package bm Info: No bold for \OMX/zplm/m/n, using \pmb.
\symboldupright=\mathgroup10
Package bm Info: No bold for \U/msa/m/n, using \pmb.
Package bm Info: No bold for \U/msb/m/n, using \pmb.
LaTeX Font Info:    Redeclaring math alphabet \mathbf on input line 149.
) (C:\Users\LENOVO\AppData\Roaming\MiKTeX\tex/latex/mathtools\mathtools.sty
Package: mathtools 2024/10/04 v1.31 mathematical typesetting tools
 (C:\Program Files\MiKTeX\tex/latex/graphics\keyval.sty
Package: keyval 2022/05/29 v1.15 key=value parser (DPC)
\KV@toks@=\toks30
) (C:\Program Files\MiKTeX\tex/latex/tools\calc.sty
Package: calc 2017/05/25 v4.3 Infix arithmetic (KKT,FJ)
\calc@Acount=\count273
\calc@Bcount=\count274
\calc@Adimen=\dimen151
\calc@Bdimen=\dimen152
\calc@Askip=\skip56
\calc@Bskip=\skip57
LaTeX Info: Redefining \setlength on input line 80.
LaTeX Info: Redefining \addtolength on input line 81.
\calc@Ccount=\count275
\calc@Cskip=\skip58
) (C:\Users\LENOVO\AppData\Roaming\MiKTeX\tex/latex/mathtools\mhsetup.sty
Package: mhsetup 2021/03/18 v1.4 programming setup (MH)
)
\g_MT_multlinerow_int=\count276
\l_MT_multwidth_dim=\dimen153
\origjot=\skip59
\l_MT_shortvdotswithinadjustabove_dim=\dimen154
\l_MT_shortvdotswithinadjustbelow_dim=\dimen155
\l_MT_above_intertext_sep=\dimen156
\l_MT_below_intertext_sep=\dimen157
\l_MT_above_shortintertext_sep=\dimen158
\l_MT_below_shortintertext_sep=\dimen159
\xmathstrut@box=\box53
\xmathstrut@dim=\dimen160
) (C:\Users\LENOVO\AppData\Roaming\MiKTeX\tex/latex/geometry\geometry.sty
Package: geometry 2020/01/02 v5.9 Page Geometry
 (C:\Program Files\MiKTeX\tex/generic/iftex\ifvtex.sty
Package: ifvtex 2019/10/25 v1.7 ifvtex legacy package. Use iftex instead.
 (C:\Program Files\MiKTeX\tex/generic/iftex\iftex.sty
Package: iftex 2022/02/03 v1.0f TeX engine tests
))
\Gm@cnth=\count277
\Gm@cntv=\count278
\c@Gm@tempcnt=\count279
\Gm@bindingoffset=\dimen161
\Gm@wd@mp=\dimen162
\Gm@odd@mp=\dimen163
\Gm@even@mp=\dimen164
\Gm@layoutwidth=\dimen165
\Gm@layoutheight=\dimen166
\Gm@layouthoffset=\dimen167
\Gm@layoutvoffset=\dimen168
\Gm@dimlist=\toks31
 (C:\Users\LENOVO\AppData\Roaming\MiKTeX\tex/latex/geometry\geometry.cfg)) (C:\Program Files\MiKTeX\tex/latex/graphics\graphicx.sty
Package: graphicx 2021/09/16 v1.2d Enhanced LaTeX Graphics (DPC,SPQR)
 (C:\Program Files\MiKTeX\tex/latex/graphics\graphics.sty
Package: graphics 2022/03/10 v1.4e Standard LaTeX Graphics (DPC,SPQR)
 (C:\Program Files\MiKTeX\tex/latex/graphics\trig.sty
Package: trig 2021/08/11 v1.11 sin cos tan (DPC)
) (C:\Program Files\MiKTeX\tex/latex/graphics-cfg\graphics.cfg
File: graphics.cfg 2016/06/04 v1.11 sample graphics configuration
)
Package graphics Info: Driver file: pdftex.def on input line 107.
 (C:\Program Files\MiKTeX\tex/latex/graphics-def\pdftex.def
File: pdftex.def 2022/09/22 v1.2b Graphics/color driver for pdftex
))
\Gin@req@height=\dimen169
\Gin@req@width=\dimen170
) (C:\Users\LENOVO\AppData\Roaming\MiKTeX\tex/latex/float\float.sty
Package: float 2001/11/08 v1.3d Float enhancements (AL)
\c@float@type=\count280
\float@exts=\toks32
\float@box=\box54
\@float@everytoks=\toks33
\@floatcapt=\box55
) (C:\Users\LENOVO\AppData\Roaming\MiKTeX\tex/latex/caption\caption.sty
Package: caption 2023/08/05 v3.6o Customizing captions (AR)
 (C:\Users\LENOVO\AppData\Roaming\MiKTeX\tex/latex/caption\caption3.sty
Package: caption3 2023/07/31 v2.4d caption3 kernel (AR)
\caption@tempdima=\dimen171
\captionmargin=\dimen172
\caption@leftmargin=\dimen173
\caption@rightmargin=\dimen174
\caption@width=\dimen175
\caption@indent=\dimen176
\caption@parindent=\dimen177
\caption@hangindent=\dimen178
Package caption Info: Standard document class detected.
)
\c@caption@flags=\count281
\c@continuedfloat=\count282
Package caption Info: float package is loaded.
) (C:\Users\LENOVO\AppData\Roaming\MiKTeX\tex/latex/caption\subcaption.sty
Package: subcaption 2023/07/28 v1.6b Sub-captions (AR)
Package caption Info: New subtype `subfigure' on input line 238.
\c@subfigure=\count283
Package caption Info: New subtype `subtable' on input line 238.
\c@subtable=\count284
) (C:\Users\LENOVO\AppData\Roaming\MiKTeX\tex/latex/booktabs\booktabs.sty
Package: booktabs 2020/01/12 v1.61803398 Publication quality tables
\heavyrulewidth=\dimen179
\lightrulewidth=\dimen180
\cmidrulewidth=\dimen181
\belowrulesep=\dimen182
\belowbottomsep=\dimen183
\aboverulesep=\dimen184
\abovetopsep=\dimen185
\cmidrulesep=\dimen186
\cmidrulekern=\dimen187
\defaultaddspace=\dimen188
\@cmidla=\count285
\@cmidlb=\count286
\@aboverulesep=\dimen189
\@belowrulesep=\dimen190
\@thisruleclass=\count287
\@lastruleclass=\count288
\@thisrulewidth=\dimen191
) (C:\Program Files\MiKTeX\tex/latex/tools\array.sty
Package: array 2022/09/04 v2.5g Tabular extension package (FMi)
\col@sep=\dimen192
\ar@mcellbox=\box56
\extrarowheight=\dimen193
\NC@list=\toks34
\extratabsurround=\skip60
\backup@length=\skip61
\ar@cellbox=\box57
) (C:\Users\LENOVO\AppData\Roaming\MiKTeX\tex/latex/enumitem\enumitem.sty
Package: enumitem 2025/02/06 v3.11 Customized lists
\labelindent=\skip62
\enit@outerparindent=\dimen194
\enit@toks=\toks35
\enit@inbox=\box58
\enit@count@id=\count289
\enitdp@description=\count290
) (C:\Users\LENOVO\AppData\Roaming\MiKTeX\tex/latex/microtype\microtype.sty
Package: microtype 2025/07/09 v3.2b Micro-typographical refinements (RS)
 (C:\Program Files\MiKTeX\tex/latex/etoolbox\etoolbox.sty
Package: etoolbox 2020/10/05 v2.5k e-TeX tools for LaTeX (JAW)
\etb@tempcnta=\count291
)
\MT@toks=\toks36
\MT@tempbox=\box59
\MT@count=\count292
LaTeX Info: Redefining \noprotrusionifhmode on input line 1087.
LaTeX Info: Redefining \leftprotrusion on input line 1088.
\MT@prot@toks=\toks37
LaTeX Info: Redefining \rightprotrusion on input line 1107.
LaTeX Info: Redefining \textls on input line 1449.
\MT@outer@kern=\dimen195
LaTeX Info: Redefining \microtypecontext on input line 2053.
LaTeX Info: Redefining \textmicrotypecontext on input line 2070.
\MT@listname@count=\count293
 (C:\Users\LENOVO\AppData\Roaming\MiKTeX\tex/latex/microtype\microtype-pdftex.def
File: microtype-pdftex.def 2025/07/09 v3.2b Definitions specific to pdftex (RS)
LaTeX Info: Redefining \lsstyle on input line 944.
LaTeX Info: Redefining \lslig on input line 944.
\MT@outer@space=\skip63
)
Package microtype Info: Loading configuration file microtype.cfg.
 (C:\Users\LENOVO\AppData\Roaming\MiKTeX\tex/latex/microtype\microtype.cfg
File: microtype.cfg 2025/07/09 v3.2b microtype main configuration file (RS)
)
LaTeX Info: Redefining \microtypesetup on input line 3065.
) (C:\Program Files\MiKTeX\tex/latex/xcolor\xcolor.sty
Package: xcolor 2022/06/12 v2.14 LaTeX color extensions (UK)
 (C:\Program Files\MiKTeX\tex/latex/graphics-cfg\color.cfg
File: color.cfg 2016/01/02 v1.6 sample color configuration
)
Package xcolor Info: Driver file: pdftex.def on input line 227.
 (C:\Program Files\MiKTeX\tex/latex/graphics\mathcolor.ltx)
Package xcolor Info: Model `cmy' substituted by `cmy0' on input line 1353.
Package xcolor Info: Model `hsb' substituted by `rgb' on input line 1357.
Package xcolor Info: Model `RGB' extended on input line 1369.
Package xcolor Info: Model `HTML' substituted by `rgb' on input line 1371.
Package xcolor Info: Model `Hsb' substituted by `hsb' on input line 1372.
Package xcolor Info: Model `tHsb' substituted by `hsb' on input line 1373.
Package xcolor Info: Model `HSB' substituted by `hsb' on input line 1374.
Package xcolor Info: Model `Gray' substituted by `gray' on input line 1375.
Package xcolor Info: Model `wave' substituted by `hsb' on input line 1376.
) (C:\Users\LENOVO\AppData\Roaming\MiKTeX\tex/latex/titlesec\titlesec.sty
Package: titlesec 2023/10/27 v2.16 Sectioning titles
\ttl@box=\box60
\beforetitleunit=\skip64
\aftertitleunit=\skip65
\ttl@plus=\dimen196
\ttl@minus=\dimen197
\ttl@toksa=\toks38
\titlewidth=\dimen198
\titlewidthlast=\dimen199
\titlewidthfirst=\dimen256
) (C:\Program Files\MiKTeX\tex/latex/hyperref\hyperref.sty
Package: hyperref 2023-07-08 v7.01b Hypertext links for LaTeX
 (C:\Users\LENOVO\AppData\Roaming\MiKTeX\tex/generic/ltxcmds\ltxcmds.sty
Package: ltxcmds 2023-12-04 v1.26 LaTeX kernel commands for general use (HO)
) (C:\Program Files\MiKTeX\tex/generic/pdftexcmds\pdftexcmds.sty
Package: pdftexcmds 2020-06-27 v0.33 Utility functions of pdfTeX for LuaTeX (HO)
 (C:\Users\LENOVO\AppData\Roaming\MiKTeX\tex/generic/infwarerr\infwarerr.sty
Package: infwarerr 2019/12/03 v1.5 Providing info/warning/error messages (HO)
)
Package pdftexcmds Info: \pdf@primitive is available.
Package pdftexcmds Info: \pdf@ifprimitive is available.
Package pdftexcmds Info: \pdfdraftmode found.
) (C:\Users\LENOVO\AppData\Roaming\MiKTeX\tex/latex/kvsetkeys\kvsetkeys.sty
Package: kvsetkeys 2022-10-05 v1.19 Key value parser (HO)
) (C:\Users\LENOVO\AppData\Roaming\MiKTeX\tex/generic/kvdefinekeys\kvdefinekeys.sty
Package: kvdefinekeys 2019-12-19 v1.6 Define keys (HO)
) (C:\Users\LENOVO\AppData\Roaming\MiKTeX\tex/generic/pdfescape\pdfescape.sty
Package: pdfescape 2019/12/09 v1.15 Implements pdfTeX's escape features (HO)
) (C:\Users\LENOVO\AppData\Roaming\MiKTeX\tex/latex/hycolor\hycolor.sty
Package: hycolor 2020-01-27 v1.10 Color options for hyperref/bookmark (HO)
) (C:\Users\LENOVO\AppData\Roaming\MiKTeX\tex/latex/letltxmacro\letltxmacro.sty
Package: letltxmacro 2019/12/03 v1.6 Let assignment for LaTeX macros (HO)
) (C:\Users\LENOVO\AppData\Roaming\MiKTeX\tex/latex/auxhook\auxhook.sty
Package: auxhook 2019-12-17 v1.6 Hooks for auxiliary files (HO)
) (C:\Program Files\MiKTeX\tex/latex/hyperref\nameref.sty
Package: nameref 2023-08-07 v2.53 Cross-referencing by name of section
 (C:\Users\LENOVO\AppData\Roaming\MiKTeX\tex/latex/refcount\refcount.sty
Package: refcount 2019/12/15 v3.6 Data extraction from label references (HO)
) (C:\Users\LENOVO\AppData\Roaming\MiKTeX\tex/generic/gettitlestring\gettitlestring.sty
Package: gettitlestring 2019/12/15 v1.6 Cleanup title references (HO)
 (C:\Users\LENOVO\AppData\Roaming\MiKTeX\tex/latex/kvoptions\kvoptions.sty
Package: kvoptions 2022-06-15 v3.15 Key value format for package options (HO)
))
\c@section@level=\count294
)
\@linkdim=\dimen257
\Hy@linkcounter=\count295
\Hy@pagecounter=\count296
 (C:\Program Files\MiKTeX\tex/latex/hyperref\pd1enc.def
File: pd1enc.def 2023-07-08 v7.01b Hyperref: PDFDocEncoding definition (HO)
Now handling font encoding PD1 ...
... no UTF-8 mapping file for font encoding PD1
) (C:\Users\LENOVO\AppData\Roaming\MiKTeX\tex/generic/intcalc\intcalc.sty
Package: intcalc 2019/12/15 v1.3 Expandable calculations with integers (HO)
)
\Hy@SavedSpaceFactor=\count297
 (C:\Program Files\MiKTeX\tex/latex/hyperref\puenc.def
File: puenc.def 2023-07-08 v7.01b Hyperref: PDF Unicode definition (HO)
Now handling font encoding PU ...
... no UTF-8 mapping file for font encoding PU
)
Package hyperref Info: Hyper figures OFF on input line 4167.
Package hyperref Info: Link nesting OFF on input line 4172.
Package hyperref Info: Hyper index ON on input line 4175.
Package hyperref Info: Plain pages OFF on input line 4182.
Package hyperref Info: Backreferencing OFF on input line 4187.
Package hyperref Info: Implicit mode ON; LaTeX internals redefined.
Package hyperref Info: Bookmarks ON on input line 4434.
\c@Hy@tempcnt=\count298
 (C:\Program Files\MiKTeX\tex/latex/url\url.sty
\Urlmuskip=\muskip17
Package: url 2013/09/16  ver 3.4  Verb mode for urls, etc.
)
LaTeX Info: Redefining \url on input line 4772.
\XeTeXLinkMargin=\dimen258
 (C:\Users\LENOVO\AppData\Roaming\MiKTeX\tex/generic/bitset\bitset.sty
Package: bitset 2019/12/09 v1.3 Handle bit-vector datatype (HO)
 (C:\Users\LENOVO\AppData\Roaming\MiKTeX\tex/generic/bigintcalc\bigintcalc.sty
Package: bigintcalc 2019/12/15 v1.5 Expandable calculations on big integers (HO)
))
\Fld@menulength=\count299
\Field@Width=\dimen259
\Fld@charsize=\dimen260
Package hyperref Info: Hyper figures OFF on input line 6051.
Package hyperref Info: Link nesting OFF on input line 6056.
Package hyperref Info: Hyper index ON on input line 6059.
Package hyperref Info: backreferencing OFF on input line 6066.
Package hyperref Info: Link coloring OFF on input line 6071.
Package hyperref Info: Link coloring with OCG OFF on input line 6076.
Package hyperref Info: PDF/A mode OFF on input line 6081.
 (C:\Program Files\MiKTeX\tex/latex/base\atbegshi-ltx.sty
Package: atbegshi-ltx 2021/01/10 v1.0c Emulation of the original atbegshi
package with kernel methods
)
\Hy@abspage=\count300
\c@Item=\count301
\c@Hfootnote=\count302
)
Package hyperref Info: Driver (autodetected): hpdftex.
 (C:\Program Files\MiKTeX\tex/latex/hyperref\hpdftex.def
File: hpdftex.def 2023-07-08 v7.01b Hyperref driver for pdfTeX
 (C:\Program Files\MiKTeX\tex/latex/base\atveryend-ltx.sty
Package: atveryend-ltx 2020/08/19 v1.0a Emulation of the original atveryend package
with kernel methods
)
\Fld@listcount=\count303
\c@bookmark@seq@number=\count304
 (C:\Users\LENOVO\AppData\Roaming\MiKTeX\tex/latex/rerunfilecheck\rerunfilecheck.sty
Package: rerunfilecheck 2022-07-10 v1.10 Rerun checks for auxiliary files (HO)
 (C:\Users\LENOVO\AppData\Roaming\MiKTeX\tex/generic/uniquecounter\uniquecounter.sty
Package: uniquecounter 2019/12/15 v1.4 Provide unlimited unique counter (HO)
)
Package uniquecounter Info: New unique counter `rerunfilecheck' on input line 285.
)
\Hy@SectionHShift=\skip66
)
Package hyperref Info: Option `colorlinks' set `true' on input line 39.
LaTeX Font Info:    Trying to load font information for T1+ppl on input line 78.
 (C:\Users\LENOVO\AppData\Roaming\MiKTeX\tex/latex/psnfss\t1ppl.fd
File: t1ppl.fd 2001/06/04 font definitions for T1/ppl.
) (C:\Program Files\MiKTeX\tex/latex/l3backend\l3backend-pdftex.def
File: l3backend-pdftex.def 2023-04-19 L3 backend support: PDF output (pdfTeX)
\l__color_backend_stack_int=\count305
\l__pdf_internal_box=\box61
) (final_report.aux)
\openout1 = `final_report.aux'.

LaTeX Font Info:    Checking defaults for OML/cmm/m/it on input line 78.
LaTeX Font Info:    ... okay on input line 78.
LaTeX Font Info:    Checking defaults for OMS/cmsy/m/n on input line 78.
LaTeX Font Info:    ... okay on input line 78.
LaTeX Font Info:    Checking defaults for OT1/cmr/m/n on input line 78.
LaTeX Font Info:    ... okay on input line 78.
LaTeX Font Info:    Checking defaults for T1/cmr/m/n on input line 78.
LaTeX Font Info:    ... okay on input line 78.
LaTeX Font Info:    Checking defaults for TS1/cmr/m/n on input line 78.
LaTeX Font Info:    ... okay on input line 78.
LaTeX Font Info:    Checking defaults for OMX/cmex/m/n on input line 78.
LaTeX Font Info:    ... okay on input line 78.
LaTeX Font Info:    Checking defaults for U/cmr/m/n on input line 78.
LaTeX Font Info:    ... okay on input line 78.
LaTeX Font Info:    Checking defaults for PD1/pdf/m/n on input line 78.
LaTeX Font Info:    ... okay on input line 78.
LaTeX Font Info:    Checking defaults for PU/pdf/m/n on input line 78.
LaTeX Font Info:    ... okay on input line 78.

*geometry* driver: auto-detecting
*geometry* detected driver: pdftex
*geometry* verbose mode - [ preamble ] result:
* driver: pdftex
* paper: a4paper
* layout: <same size as paper>
* layoutoffset:(h,v)=(0.0pt,0.0pt)
* modes: 
* h-part:(L,W,R)=(72.26999pt, 452.9679pt, 72.26999pt)
* v-part:(T,H,B)=(72.26999pt, 700.50687pt, 72.26999pt)
* \paperwidth=597.50787pt
* \paperheight=845.04684pt
* \textwidth=452.9679pt
* \textheight=700.50687pt
* \oddsidemargin=0.0pt
* \evensidemargin=0.0pt
* \topmargin=-37.0pt
* \headheight=12.0pt
* \headsep=25.0pt
* \topskip=11.0pt
* \footskip=30.0pt
* \marginparwidth=50.0pt
* \marginparsep=10.0pt
* \columnsep=10.0pt
* \skip\footins=10.0pt plus 4.0pt minus 2.0pt
* \hoffset=0.0pt
* \voffset=0.0pt
* \mag=1000
* \@twocolumnfalse
* \@twosidefalse
* \@mparswitchfalse
* \@reversemarginfalse
* (1in=72.27pt=25.4mm, 1cm=28.453pt)

(C:\Program Files\MiKTeX\tex/context/base/mkii\supp-pdf.mkii
[Loading MPS to PDF converter (version 2006.09.02).]
\scratchcounter=\count306
\scratchdimen=\dimen261
\scratchbox=\box62
\nofMPsegments=\count307
\nofMParguments=\count308
\everyMPshowfont=\toks39
\MPscratchCnt=\count309
\MPscratchDim=\dimen262
\MPnumerator=\count310
\makeMPintoPDFobject=\count311
\everyMPtoPDFconversion=\toks40
) (C:\Program Files\MiKTeX\tex/latex/epstopdf-pkg\epstopdf-base.sty
Package: epstopdf-base 2020-01-24 v2.11 Base part for package epstopdf
Package epstopdf-base Info: Redefining graphics rule for `.eps' on input line 485.
 (C:\Program Files\MiKTeX\tex/latex/00miktex\epstopdf-sys.cfg
File: epstopdf-sys.cfg 2021/03/18 v2.0 Configuration of epstopdf for MiKTeX
))
Package caption Info: Begin \AtBeginDocument code.
Package caption Info: hyperref package is loaded.
Package caption Info: End \AtBeginDocument code.
LaTeX Info: Redefining \microtypecontext on input line 78.
Package microtype Info: Applying patch `item' on input line 78.
Package microtype Info: Applying patch `toc' on input line 78.
Package microtype Info: Applying patch `eqnum' on input line 78.
Package microtype Info: Applying patch `footnote' on input line 78.
Package microtype Info: Applying patch `verbatim' on input line 78.
LaTeX Info: Redefining \microtypesetup on input line 78.
Package microtype Info: Generating PDF output.
Package microtype Info: Character protrusion enabled (level 2).
Package microtype Info: Using default protrusion set `alltext'.
Package microtype Info: Automatic font expansion enabled (level 2),
(microtype)             stretch: 20, shrink: 20, step: 1, non-selected.
Package microtype Info: Using default expansion set `alltext-nott'.
Package microtype Info: Patching command `\showhyphens'.
Package microtype Info: No adjustment of tracking.
Package microtype Info: No adjustment of interword spacing.
Package microtype Info: No adjustment of character kerning.
 (C:\Users\LENOVO\AppData\Roaming\MiKTeX\tex/latex/microtype\mt-ppl.cfg
File: mt-ppl.cfg 2005/11/16 v1.6 microtype config. file: Palatino (RS)
)
Package hyperref Info: Link coloring ON on input line 78.
 (final_report.out) (final_report.out)
\@outlinefile=\write3
\openout3 = `final_report.out'.

<logo-soict-hust-1.png, id=195, 1860.9525pt x 755.82375pt>
File: logo-soict-hust-1.png Graphic file (type png)
<use logo-soict-hust-1.png>
Package pdftex.def Info: logo-soict-hust-1.png  used on input line 88.
(pdftex.def)             Requested size: 249.13371pt x 101.17836pt.
LaTeX Font Info:    Trying to load font information for OT1+ppl on input line 100.
 (C:\Users\LENOVO\AppData\Roaming\MiKTeX\tex/latex/psnfss\ot1ppl.fd
File: ot1ppl.fd 2001/06/04 font definitions for OT1/ppl.
)
LaTeX Font Info:    Trying to load font information for OML+zplm on input line 100.
 (C:\Users\LENOVO\AppData\Roaming\MiKTeX\tex/latex/psnfss\omlzplm.fd
File: omlzplm.fd 2002/09/08 Fontinst v1.914 font definitions for OML/zplm.
)
LaTeX Font Info:    Trying to load font information for OMS+zplm on input line 100.
 (C:\Users\LENOVO\AppData\Roaming\MiKTeX\tex/latex/psnfss\omszplm.fd
File: omszplm.fd 2002/09/08 Fontinst v1.914 font definitions for OMS/zplm.
)
LaTeX Font Info:    Trying to load font information for OMX+zplm on input line 100.
 (C:\Users\LENOVO\AppData\Roaming\MiKTeX\tex/latex/psnfss\omxzplm.fd
File: omxzplm.fd 2002/09/08 Fontinst v1.914 font definitions for OMX/zplm.
)
LaTeX Font Info:    Trying to load font information for OT1+zplm on input line 100.
 (C:\Users\LENOVO\AppData\Roaming\MiKTeX\tex/latex/psnfss\ot1zplm.fd
File: ot1zplm.fd 2002/09/08 Fontinst v1.914 font definitions for OT1/zplm.
)
Package microtype Info: Loading generic protrusion settings for font family
(microtype)             `zplm' (encoding: OT1).
(microtype)             For optimal results, create family-specific settings.
(microtype)             See the microtype manual for details.
LaTeX Font Info:    Font shape `U/msa/m/n' will be
(Font)              scaled to size 12.50409pt on input line 100.
 (C:\Users\LENOVO\AppData\Roaming\MiKTeX\tex/latex/microtype\mt-msa.cfg
File: mt-msa.cfg 2006/02/04 v1.1 microtype config. file: AMS symbols (a) (RS)
)
LaTeX Font Info:    Font shape `U/msa/m/n' will be
(Font)              scaled to size 9.37807pt on input line 100.
LaTeX Font Info:    Font shape `U/msa/m/n' will be
(Font)              scaled to size 7.29405pt on input line 100.
LaTeX Font Info:    Font shape `U/msb/m/n' will be
(Font)              scaled to size 12.50409pt on input line 100.
 (C:\Users\LENOVO\AppData\Roaming\MiKTeX\tex/latex/microtype\mt-msb.cfg
File: mt-msb.cfg 2005/06/01 v1.0 microtype config. file: AMS symbols (b) (RS)
)
LaTeX Font Info:    Font shape `U/msb/m/n' will be
(Font)              scaled to size 9.37807pt on input line 100.
LaTeX Font Info:    Font shape `U/msb/m/n' will be
(Font)              scaled to size 7.29405pt on input line 100.
 [1

{C:/Users/LENOVO/AppData/Local/MiKTeX/fonts/map/pdftex/pdftex.map}{C:/Program Files/MiKTeX/fonts/enc/dvips/base/8r.enc} <./logo-soict-hust-1.png>]
LaTeX Font Info:    Font shape `U/msa/m/n' will be
(Font)              scaled to size 10.42007pt on input line 133.
LaTeX Font Info:    Font shape `U/msa/m/n' will be
(Font)              scaled to size 7.91925pt on input line 133.
LaTeX Font Info:    Font shape `U/msa/m/n' will be
(Font)              scaled to size 6.25204pt on input line 133.
LaTeX Font Info:    Font shape `U/msb/m/n' will be
(Font)              scaled to size 10.42007pt on input line 133.
LaTeX Font Info:    Font shape `U/msb/m/n' will be
(Font)              scaled to size 7.91925pt on input line 133.
LaTeX Font Info:    Font shape `U/msb/m/n' will be
(Font)              scaled to size 6.25204pt on input line 133.
 (final_report.toc
LaTeX Font Info:    Font shape `U/msa/m/n' will be
(Font)              scaled to size 11.40997pt on input line 7.
LaTeX Font Info:    Font shape `U/msa/m/n' will be
(Font)              scaled to size 8.33606pt on input line 7.
LaTeX Font Info:    Font shape `U/msb/m/n' will be
(Font)              scaled to size 11.40997pt on input line 7.
LaTeX Font Info:    Font shape `U/msb/m/n' will be
(Font)              scaled to size 8.33606pt on input line 7.

pdfTeX warning (ext4): destination with the same identifier (name{page.1}) has been already used, duplicate ignored
<to be read again> 
                   \relax 
l.36 ...estion and motivation}{24}{subsection.5.1}
                                                  % [1]
LaTeX Font Info:    Trying to load font information for T1+cmtt on input line 46.
 (C:\Program Files\MiKTeX\tex/latex/base\t1cmtt.fd
File: t1cmtt.fd 2023/04/13 v2.5m Standard LaTeX font definitions
)
Package microtype Info: Loading generic protrusion settings for font family
(microtype)             `cmtt' (encoding: T1).
(microtype)             For optimal results, create family-specific settings.
(microtype)             See the microtype manual for details.
)
\tf@toc=\write4
\openout4 = `final_report.toc'.


Overfull \hbox (2.70042pt too wide) in paragraph at lines 158--187
 [][] 
 []

[2] [3]
LaTeX Font Info:    Trying to load font information for TS1+ppl on input line 293.
 (C:\Users\LENOVO\AppData\Roaming\MiKTeX\tex/latex/psnfss\ts1ppl.fd
File: ts1ppl.fd 2001/06/04 font definitions for TS1/ppl.
) [4]
<../outputs/lap_time_distributions/01_overview_histogram.png, id=299, 490.4505pt x 342.954pt>
File: ../outputs/lap_time_distributions/01_overview_histogram.png Graphic file (type png)
<use ../outputs/lap_time_distributions/01_overview_histogram.png>
Package pdftex.def Info: ../outputs/lap_time_distributions/01_overview_histogram.png  used on input line 373.
(pdftex.def)             Requested size: 371.43698pt x 259.73718pt.
<../outputs/lap_time_distributions/02_overview_aic_bic.png, id=301, 483.552pt x 341.3115pt>
File: ../outputs/lap_time_distributions/02_overview_aic_bic.png Graphic file (type png)
<use ../outputs/lap_time_distributions/02_overview_aic_bic.png>
Package pdftex.def Info: ../outputs/lap_time_distributions/02_overview_aic_bic.png  used on input line 384.
(pdftex.def)             Requested size: 371.43698pt x 262.1857pt.
 [5 <../outputs/lap_time_distributions/01_overview_histogram.png>]
<../outputs/lap_time_distributions/04_overview_cdf.png, id=309, 474.6825pt x 342.954pt>
File: ../outputs/lap_time_distributions/04_overview_cdf.png Graphic file (type png)
<use ../outputs/lap_time_distributions/04_overview_cdf.png>
Package pdftex.def Info: ../outputs/lap_time_distributions/04_overview_cdf.png  used on input line 392.
(pdftex.def)             Requested size: 371.43698pt x 268.37172pt.
 [6 <../outputs/lap_time_distributions/02_overview_aic_bic.png> <../outputs/lap_time_distributions/04_overview_cdf.png>]
<../outputs/lap_time_distributions/11_circuit_monza.png, id=322, 474.6825pt x 342.954pt>
File: ../outputs/lap_time_distributions/11_circuit_monza.png Graphic file (type png)
<use ../outputs/lap_time_distributions/11_circuit_monza.png>
Package pdftex.def Info: ../outputs/lap_time_distributions/11_circuit_monza.png  used on input line 444.
(pdftex.def)             Requested size: 353.31439pt x 255.27863pt.
<../outputs/lap_time_distributions/12_circuit_monaco.png, id=323, 480.5955pt x 342.6255pt>
File: ../outputs/lap_time_distributions/12_circuit_monaco.png Graphic file (type png)
<use ../outputs/lap_time_distributions/12_circuit_monaco.png>
Package pdftex.def Info: ../outputs/lap_time_distributions/12_circuit_monaco.png  used on input line 453.
(pdftex.def)             Requested size: 353.31439pt x 251.88159pt.
 [7 <../outputs/lap_time_distributions/11_circuit_monza.png>]
<../outputs/lap_time_distributions/14_era_v10.png, id=334, 474.6825pt x 342.6255pt>
File: ../outputs/lap_time_distributions/14_era_v10.png Graphic file (type png)
<use ../outputs/lap_time_distributions/14_era_v10.png>
Package pdftex.def Info: ../outputs/lap_time_distributions/14_era_v10.png  used on input line 502.
(pdftex.def)             Requested size: 353.31439pt x 255.0341pt.
 [8 <../outputs/lap_time_distributions/12_circuit_monaco.png>]
<../outputs/lap_time_distributions/15_era_v8.png, id=343, 474.6825pt x 342.6255pt>
File: ../outputs/lap_time_distributions/15_era_v8.png Graphic file (type png)
<use ../outputs/lap_time_distributions/15_era_v8.png>
Package pdftex.def Info: ../outputs/lap_time_distributions/15_era_v8.png  used on input line 510.
(pdftex.def)             Requested size: 353.31439pt x 255.0341pt.
<../outputs/lap_time_distributions/16_era_hybrid.png, id=344, 480.5955pt x 342.954pt>
File: ../outputs/lap_time_distributions/16_era_hybrid.png Graphic file (type png)
<use ../outputs/lap_time_distributions/16_era_hybrid.png>
Package pdftex.def Info: ../outputs/lap_time_distributions/16_era_hybrid.png  used on input line 518.
(pdftex.def)             Requested size: 353.31439pt x 252.12311pt.
 [9 <../outputs/lap_time_distributions/14_era_v10.png> <../outputs/lap_time_distributions/15_era_v8.png>]
<../outputs/lap_time_distributions/17_era_ground.png, id=352, 474.6825pt x 342.6255pt>
File: ../outputs/lap_time_distributions/17_era_ground.png Graphic file (type png)
<use ../outputs/lap_time_distributions/17_era_ground.png>
Package pdftex.def Info: ../outputs/lap_time_distributions/17_era_ground.png  used on input line 525.
(pdftex.def)             Requested size: 353.31439pt x 255.0341pt.
 [10 <../outputs/lap_time_distributions/16_era_hybrid.png> <../outputs/lap_time_distributions/17_era_ground.png>]
<../outputs/lap_time_distributions/18_skewness_summary.png, id=364, 620.5365pt x 353.7945pt>
File: ../outputs/lap_time_distributions/18_skewness_summary.png Graphic file (type png)
<use ../outputs/lap_time_distributions/18_skewness_summary.png>
Package pdftex.def Info: ../outputs/lap_time_distributions/18_skewness_summary.png  used on input line 569.
(pdftex.def)             Requested size: 385.02547pt x 219.51767pt.
<../outputs/lap_time_distributions/19_best_fit_pie.png, id=365, 368.9055pt x 346.239pt>
File: ../outputs/lap_time_distributions/19_best_fit_pie.png Graphic file (type png)
<use ../outputs/lap_time_distributions/19_best_fit_pie.png>
Package pdftex.def Info: ../outputs/lap_time_distributions/19_best_fit_pie.png  used on input line 578.
(pdftex.def)             Requested size: 280.83788pt x 263.59871pt.
 [11 <../outputs/lap_time_distributions/18_skewness_summary.png>] [12 <../outputs/lap_time_distributions/19_best_fit_pie.png>]
<../outputs/starting_grid_advantage/plots/01_podium_decay.png, id=383, 867.24pt x 433.62pt>
File: ../outputs/starting_grid_advantage/plots/01_podium_decay.png Graphic file (type png)
<use ../outputs/starting_grid_advantage/plots/01_podium_decay.png>
Package pdftex.def Info: ../outputs/starting_grid_advantage/plots/01_podium_decay.png  used on input line 635.
(pdftex.def)             Requested size: 385.02547pt x 192.51367pt.
<../outputs/starting_grid_advantage/plots/02_mean_finish_decay.png, id=385, 867.24pt x 433.62pt>
File: ../outputs/starting_grid_advantage/plots/02_mean_finish_decay.png Graphic file (type png)
<use ../outputs/starting_grid_advantage/plots/02_mean_finish_decay.png>
Package pdftex.def Info: ../outputs/starting_grid_advantage/plots/02_mean_finish_decay.png  used on input line 648.
(pdftex.def)             Requested size: 385.02547pt x 192.51367pt.
 [13 <../outputs/starting_grid_advantage/plots/01_podium_decay.png> <../outputs/starting_grid_advantage/plots/02_mean_finish_decay.png>] [14] [15]
<../outputs/home_advantage/figures/01_teammate_delta_hist.png, id=412, 549.252pt x 362.70506pt>
File: ../outputs/home_advantage/figures/01_teammate_delta_hist.png Graphic file (type png)
<use ../outputs/home_advantage/figures/01_teammate_delta_hist.png>
Package pdftex.def Info: ../outputs/home_advantage/figures/01_teammate_delta_hist.png  used on input line 845.
(pdftex.def)             Requested size: 326.13744pt x 215.36667pt.

Overfull \hbox (5.30981pt too wide) in paragraph at lines 854--857
[]\T1/ppl/m/n/10.95 (-20) For driver $\OML/zplm/m/it/10.95 i$ \T1/ppl/m/n/10.95 (-20) let $\OML/zplm/m/it/10.95 y[]$ \T1/ppl/m/n/10.95 (-20) be the year of the first recorded start. Then $[][] \OT1/zplm/m/n/10.95 =
 []

[16 <../outputs/home_advantage/figures/01_teammate_delta_hist.png>]
<../outputs/home_advantage/figures/05_circuit_crash_rates.png, id=422, 618.36018pt x 415.10081pt>
File: ../outputs/home_advantage/figures/05_circuit_crash_rates.png Graphic file (type png)
<use ../outputs/home_advantage/figures/05_circuit_crash_rates.png>
Package pdftex.def Info: ../outputs/home_advantage/figures/05_circuit_crash_rates.png  used on input line 873.
(pdftex.def)             Requested size: 385.02547pt x 258.46828pt.
<../outputs/home_advantage/figures/04_top_nationalities.png, id=424, 620.16693pt x 359.54324pt>
File: ../outputs/home_advantage/figures/04_top_nationalities.png Graphic file (type png)
<use ../outputs/home_advantage/figures/04_top_nationalities.png>
Package pdftex.def Info: ../outputs/home_advantage/figures/04_top_nationalities.png  used on input line 892.
(pdftex.def)             Requested size: 353.31439pt x 204.83754pt.
 [17 <../outputs/home_advantage/figures/05_circuit_crash_rates.png>]
Overfull \hbox (23.8479pt too wide) in paragraph at lines 906--915
[]\T1/ppl/m/n/10.95 (-20) Across $\OML/zplm/m/it/10.95 n \OT1/zplm/m/n/10.95 = \OT1/ppl/m/n/10.95 (-20) 440$ \T1/ppl/m/n/10.95 (-20) paired drivers, the mean dif-fer-ence is $[] \OT1/zplm/m/n/10.95 = +\OT1/ppl/m/n/10.95 (-20) 0.00265$ \T1/ppl/m/n/10.95 (-20) ($\OT1/ppl/m/n/10.95 (-20) 95%$ \T1/ppl/m/n/10.95 (-20) CI $\OT1/zplm/m/n/10.95 [\OMS/zplm/m/n/10.95 ^^@\OT1/ppl/m/n/10.95 (-20) 0.00534, \OT1/zplm/m/n/10.95 +\OT1/ppl/m/n/10.95 (-20) 0.01064\OT1/zplm/m/n/10.95 ]$\T1/ppl/m/n/10.95 (-20) ),
 []

<../outputs/home_advantage/figures/02_home_vs_away_box.png, id=434, 486.46744pt x 339.21732pt>
File: ../outputs/home_advantage/figures/02_home_vs_away_box.png Graphic file (type png)
<use ../outputs/home_advantage/figures/02_home_vs_away_box.png>
Package pdftex.def Info: ../outputs/home_advantage/figures/02_home_vs_away_box.png  used on input line 920.
(pdftex.def)             Requested size: 221.95676pt x 154.77373pt.
<../outputs/home_advantage/figures/03_home_vs_away_meanci.png, id=435, 436.78181pt x 339.21732pt>
File: ../outputs/home_advantage/figures/03_home_vs_away_meanci.png Graphic file (type png)
<use ../outputs/home_advantage/figures/03_home_vs_away_meanci.png>
Package pdftex.def Info: ../outputs/home_advantage/figures/03_home_vs_away_meanci.png  used on input line 926.
(pdftex.def)             Requested size: 221.95676pt x 172.38258pt.
LaTeX Font Info:    Font shape `U/msa/m/n' will be
(Font)              scaled to size 5.21004pt on input line 927.
LaTeX Font Info:    Font shape `U/msb/m/n' will be
(Font)              scaled to size 5.21004pt on input line 927.
<../outputs/home_advantage/figures/07_paired_diff_hist.png, id=436, 522.60243pt x 367.67363pt>
File: ../outputs/home_advantage/figures/07_paired_diff_hist.png Graphic file (type png)
<use ../outputs/home_advantage/figures/07_paired_diff_hist.png>
Package pdftex.def Info: ../outputs/home_advantage/figures/07_paired_diff_hist.png  used on input line 936.
(pdftex.def)             Requested size: 326.13744pt x 229.45322pt.
[18 <../outputs/home_advantage/figures/04_top_nationalities.png> <../outputs/home_advantage/figures/02_home_vs_away_box.png> <../outputs/home_advantage/figures/03_home_vs_away_meanci.png>]
<../outputs/home_advantage/figures/06_per_driver_effect.png, id=448, 631.45912pt x 528.47438pt>
File: ../outputs/home_advantage/figures/06_per_driver_effect.png Graphic file (type png)
<use ../outputs/home_advantage/figures/06_per_driver_effect.png>
Package pdftex.def Info: ../outputs/home_advantage/figures/06_per_driver_effect.png  used on input line 950.
(pdftex.def)             Requested size: 385.02547pt x 322.23987pt.
 [19 <../outputs/home_advantage/figures/07_paired_diff_hist.png>]
Overfull \hbox (9.88374pt too wide) in paragraph at lines 967--972
\T1/ppl/m/n/10.95 (-20) with $\OML/zplm/m/it/10.95 u[] \OMS/zplm/m/n/10.95 ^^X N\OT1/zplm/m/n/10.95 (\OT1/ppl/m/n/10.95 (-20) 0, \OML/zplm/m/it/10.95 ^^[[]\OT1/zplm/m/n/10.95 )$ \T1/ppl/m/n/10.95 (-20) in-de-pen-dent of $\OML/zplm/m/it/10.95 "[] \OMS/zplm/m/n/10.95 ^^X N\OT1/zplm/m/n/10.95 (\OT1/ppl/m/n/10.95 (-20) 0, \OML/zplm/m/it/10.95 ^^[[]\OT1/zplm/m/n/10.95 )$\T1/ppl/m/n/10.95 (-20) . Es-ti-ma-tion is by REML in \T1/cmtt/m/n/10 statsmodels.MixedLM\T1/ppl/m/n/10.95 (-20) .
 []

[20 <../outputs/home_advantage/figures/06_per_driver_effect.png>]
<../outputs/home_advantage/figures/08_mixedlm_marginal.png, id=465, 542.47668pt x 359.54324pt>
File: ../outputs/home_advantage/figures/08_mixedlm_marginal.png Graphic file (type png)
<use ../outputs/home_advantage/figures/08_mixedlm_marginal.png>
Package pdftex.def Info: ../outputs/home_advantage/figures/08_mixedlm_marginal.png  used on input line 1013.
(pdftex.def)             Requested size: 326.13744pt x 216.15552pt.
 [21 <../outputs/home_advantage/figures/08_mixedlm_marginal.png>]
<../outputs/home_advantage/figures/13_backtest_folds.png, id=483, 536.60475pt x 343.2825pt>
File: ../outputs/home_advantage/figures/13_backtest_folds.png Graphic file (type png)
<use ../outputs/home_advantage/figures/13_backtest_folds.png>
Package pdftex.def Info: ../outputs/home_advantage/figures/13_backtest_folds.png  used on input line 1063.
(pdftex.def)             Requested size: 353.31439pt x 226.02762pt.
<../outputs/home_advantage/figures/09_xgb_importance.png, id=484, 570.02963pt x 303.98569pt>
File: ../outputs/home_advantage/figures/09_xgb_importance.png Graphic file (type png)
<use ../outputs/home_advantage/figures/09_xgb_importance.png>
Package pdftex.def Info: ../outputs/home_advantage/figures/09_xgb_importance.png  used on input line 1071.
(pdftex.def)             Requested size: 317.07614pt x 169.09439pt.
<../outputs/home_advantage/figures/11_shap_dependence_exp_home.png, id=485, 482.40225pt x 336.0555pt>
File: ../outputs/home_advantage/figures/11_shap_dependence_exp_home.png Graphic file (type png)
<use ../outputs/home_advantage/figures/11_shap_dependence_exp_home.png>
Package pdftex.def Info: ../outputs/home_advantage/figures/11_shap_dependence_exp_home.png  used on input line 1079.
(pdftex.def)             Requested size: 326.13744pt x 227.20712pt.
 [22 <../outputs/home_advantage/figures/13_backtest_folds.png> <../outputs/home_advantage/figures/09_xgb_importance.png>]
<../outputs/home_advantage/figures/10_shap_beeswarm.png, id=493, 530.28113pt x 199.19418pt>
File: ../outputs/home_advantage/figures/10_shap_beeswarm.png Graphic file (type png)
<use ../outputs/home_advantage/figures/10_shap_beeswarm.png>
Package pdftex.def Info: ../outputs/home_advantage/figures/10_shap_beeswarm.png  used on input line 1089.
(pdftex.def)             Requested size: 339.72592pt x 127.6206pt.
 [23 <../outputs/home_advantage/figures/11_shap_dependence_exp_home.png> <../outputs/home_advantage/figures/10_shap_beeswarm.png>]
Overfull \hbox (43.0867pt too wide) in paragraph at lines 1164--1169
\T1/cmtt/m/n/10 PitOutTime\T1/ppl/m/n/10.95 (-20) , \T1/cmtt/m/n/10 LapTime\T1/ppl/m/n/10.95 (-20) , \T1/cmtt/m/n/10 Sector1-3Time\T1/ppl/m/n/10.95 (-20) , \T1/cmtt/m/n/10 SessionTime\T1/ppl/m/n/10.95 (-20) ) are dropped be-fore mod-elling. The \T1/cmtt/m/n/10 historical_pit_lap
 []

<../outputs/pit_stop_strategy/plots/01c_pitstop_lap_dist.png, id=505, 532.8708pt x 342.5598pt>
File: ../outputs/pit_stop_strategy/plots/01c_pitstop_lap_dist.png Graphic file (type png)
<use ../outputs/pit_stop_strategy/plots/01c_pitstop_lap_dist.png>
Package pdftex.def Info: ../outputs/pit_stop_strategy/plots/01c_pitstop_lap_dist.png  used on input line 1183.
(pdftex.def)             Requested size: 385.02547pt x 247.52621pt.
[24] [25 <../outputs/pit_stop_strategy/plots/01c_pitstop_lap_dist.png>]
<../outputs/pit_stop_strategy/plots/04a_risk_scatter.png, id=527, 406.1574pt x 468.7914pt>
File: ../outputs/pit_stop_strategy/plots/04a_risk_scatter.png Graphic file (type png)
<use ../outputs/pit_stop_strategy/plots/04a_risk_scatter.png>
Package pdftex.def Info: ../outputs/pit_stop_strategy/plots/04a_risk_scatter.png  used on input line 1285.
(pdftex.def)             Requested size: 371.43698pt x 428.71103pt.
 [26]
<../outputs/pit_stop_strategy/plots/04b_team_tyrelife_box.png, id=533, 429.2838pt x 468.3096pt>
File: ../outputs/pit_stop_strategy/plots/04b_team_tyrelife_box.png Graphic file (type png)
<use ../outputs/pit_stop_strategy/plots/04b_team_tyrelife_box.png>
Package pdftex.def Info: ../outputs/pit_stop_strategy/plots/04b_team_tyrelife_box.png  used on input line 1295.
(pdftex.def)             Requested size: 371.43698pt x 405.20372pt.
 [27 <../outputs/pit_stop_strategy/plots/04a_risk_scatter.png>]
<../outputs/pit_stop_strategy/plots/04c_compound_mix_heatmap.png, id=540, 438.438pt x 468.3096pt>
File: ../outputs/pit_stop_strategy/plots/04c_compound_mix_heatmap.png Graphic file (type png)
<use ../outputs/pit_stop_strategy/plots/04c_compound_mix_heatmap.png>
Package pdftex.def Info: ../outputs/pit_stop_strategy/plots/04c_compound_mix_heatmap.png  used on input line 1304.
(pdftex.def)             Requested size: 371.43698pt x 396.7645pt.
 [28 <../outputs/pit_stop_strategy/plots/04b_team_tyrelife_box.png>] [29 <../outputs/pit_stop_strategy/plots/04c_compound_mix_heatmap.png>]
<../outputs/pit_stop_strategy/plots/05a_position_changes.png, id=556, 526.6074pt x 342.5598pt>
File: ../outputs/pit_stop_strategy/plots/05a_position_changes.png Graphic file (type png)
<use ../outputs/pit_stop_strategy/plots/05a_position_changes.png>
Package pdftex.def Info: ../outputs/pit_stop_strategy/plots/05a_position_changes.png  used on input line 1359.
(pdftex.def)             Requested size: 371.43698pt x 241.6249pt.
<../outputs/pit_stop_strategy/plots/05c_pit_compound_season.png, id=557, 521.7894pt x 342.5598pt>
File: ../outputs/pit_stop_strategy/plots/05c_pit_compound_season.png Graphic file (type png)
<use ../outputs/pit_stop_strategy/plots/05c_pit_compound_season.png>
Package pdftex.def Info: ../outputs/pit_stop_strategy/plots/05c_pit_compound_season.png  used on input line 1368.
(pdftex.def)             Requested size: 416.72963pt x 273.58821pt.
 [30 <../outputs/pit_stop_strategy/plots/05a_position_changes.png>]
<../outputs/pit_stop_strategy/plots/02a_tyre_decay_compound.png, id=567, 537.6888pt x 343.0416pt>
File: ../outputs/pit_stop_strategy/plots/02a_tyre_decay_compound.png Graphic file (type png)
<use ../outputs/pit_stop_strategy/plots/02a_tyre_decay_compound.png>
Package pdftex.def Info: ../outputs/pit_stop_strategy/plots/02a_tyre_decay_compound.png  used on input line 1403.
(pdftex.def)             Requested size: 371.43698pt x 236.98683pt.
 [31 <../outputs/pit_stop_strategy/plots/05c_pit_compound_season.png>]
<../outputs/pit_stop_strategy/plots/06a_corr_matrix.png, id=574, 470.2368pt x 404.712pt>
File: ../outputs/pit_stop_strategy/plots/06a_corr_matrix.png Graphic file (type png)
<use ../outputs/pit_stop_strategy/plots/06a_corr_matrix.png>
Package pdftex.def Info: ../outputs/pit_stop_strategy/plots/06a_corr_matrix.png  used on input line 1414.
(pdftex.def)             Requested size: 371.43698pt x 319.6881pt.
 [32 <../outputs/pit_stop_strategy/plots/02a_tyre_decay_compound.png>]
<../outputs/pit_stop_strategy/plots/07a_hazard_rate.png, id=581, 531.9072pt x 343.0416pt>
File: ../outputs/pit_stop_strategy/plots/07a_hazard_rate.png Graphic file (type png)
<use ../outputs/pit_stop_strategy/plots/07a_hazard_rate.png>
Package pdftex.def Info: ../outputs/pit_stop_strategy/plots/07a_hazard_rate.png  used on input line 1431.
(pdftex.def)             Requested size: 371.43698pt x 239.56215pt.
 [33 <../outputs/pit_stop_strategy/plots/06a_corr_matrix.png>]
<../outputs/pit_stop_strategy/plots/07b_pace_decay_hist.png, id=588, 527.0892pt x 343.0416pt>
File: ../outputs/pit_stop_strategy/plots/07b_pace_decay_hist.png Graphic file (type png)
<use ../outputs/pit_stop_strategy/plots/07b_pace_decay_hist.png>
Package pdftex.def Info: ../outputs/pit_stop_strategy/plots/07b_pace_decay_hist.png  used on input line 1440.
(pdftex.def)             Requested size: 371.43698pt x 241.75012pt.
 [34 <../outputs/pit_stop_strategy/plots/07a_hazard_rate.png> <../outputs/pit_stop_strategy/plots/07b_pace_decay_hist.png>] [35]
Overfull \hbox (19.67006pt too wide) in paragraph at lines 1562--1573
\T1/ppl/m/n/10.95 (-20) seeds are fixed to $\OT1/ppl/m/n/10.95 (-20) 42$ \T1/ppl/m/n/10.95 (-20) through-out. For Ten-sor-Flow, \T1/cmtt/m/n/10 tf.config.experimental.enable_op_determinism()
 []

[36] (final_report.aux)
 ***********
LaTeX2e <2023-06-01> patch level 1
L3 programming layer <2023-08-29>
 ***********
Package rerunfilecheck Info: File `final_report.out' has not changed.
(rerunfilecheck)             Checksum: 80B7E8314F23D4DBECA662B016025522;9192.
 ) 
Here is how much of TeX's memory you used:
 18431 strings out of 475248
 303373 string characters out of 5767626
 1935785 words of memory out of 5000000
 38871 multiletter control sequences out of 15000+600000
 657595 words of font info for 592 fonts, out of 8000000 for 9000
 1141 hyphenation exceptions out of 8191
 75i,15n,79p,1039b,643s stack positions out of 10000i,1000n,20000p,200000b,200000s
 <C:\Users\LENOVO\AppData\Local\MiKTeX\fonts/pk/ljfour/jknappen/ec/dpi600\ectt1095.pk> <C:\Users\LENOVO\AppData\Local\MiKTeX\fonts/pk/ljfour/jknappen/ec/dpi600\ecit1000.pk> <C:\Users\LENOVO\AppData\Local\MiKTeX\fonts/pk/ljfour/jknappen/ec/dpi600\ectt1000.pk><C:/Program Files/MiKTeX/fonts/type1/public/amsfonts/cm/cmmi10.pfb><C:/Program Files/MiKTeX/fonts/type1/public/amsfonts/cm/cmr10.pfb><C:/Program Files/MiKTeX/fonts/type1/public/amsfonts/cm/cmsy10.pfb><C:/Users/LENOVO/AppData/Roaming/MiKTeX/fonts/type1/public/mathpazo/fplmr.pfb><C:/Users/LENOVO/AppData/Roaming/MiKTeX/fonts/type1/public/mathpazo/fplmri.pfb><C:/Program Files/MiKTeX/fonts/type1/urw/palatino/uplb8a.pfb><C:/Program Files/MiKTeX/fonts/type1/urw/palatino/uplr8a.pfb><C:/Program Files/MiKTeX/fonts/type1/urw/palatino/uplri8a.pfb>
Output written on final_report.pdf (37 pages, 3249953 bytes).
PDF statistics:
 797 PDF objects out of 1000 (max. 8388607)
 171 named destinations out of 1000 (max. 500000)
 127541 words of extra memory for PDF output out of 128383 (max. 10000000)

